Copyright 1986-2022 Xilinx, Inc. All Rights Reserved. Copyright 2022-2024 Advanced Micro Devices, Inc. All Rights Reserved.
--------------------------------------------------------------------------------------------------------------------------------------------------
| Tool Version      : Vivado v.2024.2 (win64) Build 5239630 Fri Nov 08 22:35:27 MST 2024
| Date              : Thu May 29 01:51:54 2025
| Host              : MSI running 64-bit major release  (build 9200)
| Command           : report_clock_utilization -file OTTER_Wrapper_clock_utilization_routed.rpt
| Design            : OTTER_Wrapper
| Device            : 7a35ti-cpg236
| Speed File        : -1L  PRODUCTION 1.23 2018-06-13
| Temperature Grade : I
| Design State      : Routed
--------------------------------------------------------------------------------------------------------------------------------------------------

Clock Utilization Report

Table of Contents
-----------------
1. Clock Primitive Utilization
2. Global Clock Resources
3. Global Clock Source Details
4. Local Clock Details
5. Clock Regions: Key Resource Utilization
6. Clock Regions : Global Clock Summary
7. Device Cell Placement Summary for Global Clock g0
8. Device Cell Placement Summary for Global Clock g1
9. Device Cell Placement Summary for Global Clock g2
10. Device Cell Placement Summary for Global Clock g3
11. Device Cell Placement Summary for Global Clock g4
12. Device Cell Placement Summary for Global Clock g5
13. Device Cell Placement Summary for Global Clock g6
14. Clock Region Cell Placement per Global Clock: Region X0Y0
15. Clock Region Cell Placement per Global Clock: Region X1Y0
16. Clock Region Cell Placement per Global Clock: Region X0Y1
17. Clock Region Cell Placement per Global Clock: Region X1Y1

1. Clock Primitive Utilization
------------------------------

+----------+------+-----------+-----+--------------+--------+
| Type     | Used | Available | LOC | Clock Region | Pblock |
+----------+------+-----------+-----+--------------+--------+
| BUFGCTRL |    7 |        32 |   0 |            0 |      0 |
| BUFH     |    0 |        72 |   0 |            0 |      0 |
| BUFIO    |    0 |        20 |   0 |            0 |      0 |
| BUFMR    |    0 |        10 |   0 |            0 |      0 |
| BUFR     |    0 |        20 |   0 |            0 |      0 |
| MMCM     |    0 |         5 |   0 |            0 |      0 |
| PLL      |    0 |         5 |   0 |            0 |      0 |
+----------+------+-----------+-----+--------------+--------+


2. Global Clock Resources
-------------------------

+-----------+-----------+-----------------+------------+---------------+--------------+-------------------+-------------+-----------------+--------------+-------------+-----------------------------------------------------------------+----------------------------------------------------------+
| Global Id | Source Id | Driver Type/Pin | Constraint | Site          | Clock Region | Load Clock Region | Clock Loads | Non-Clock Loads | Clock Period | Clock       | Driver Pin                                                      | Net                                                      |
+-----------+-----------+-----------------+------------+---------------+--------------+-------------------+-------------+-----------------+--------------+-------------+-----------------------------------------------------------------+----------------------------------------------------------+
| g0        | src0      | BUFG/O          | None       | BUFGCTRL_X0Y0 | n/a          |                 4 |        6080 |               1 |              |             | clk_50_BUFG_inst/O                                              | clk_50_BUFG                                              |
| g1        | src1      | BUFG/O          | None       | BUFGCTRL_X0Y1 | n/a          |                 2 |         526 |               0 |              |             | control_flag_reg_i_2/O                                          | CLK_PP                                                   |
| g2        | src2      | BUFG/O          | None       | BUFGCTRL_X0Y3 | n/a          |                 1 |          64 |               0 |              |             | Memoryn_0_5876_BUFG_inst/O                                      | Memoryn_0_5876_BUFG                                      |
| g3        | src3      | BUFG/O          | None       | BUFGCTRL_X0Y4 | n/a          |                 4 |          45 |               0 |              |             | n_0_5451_BUFG_inst/O                                            | n_0_5451_BUFG                                            |
| g4        | src4      | BUFG/O          | None       | BUFGCTRL_X0Y5 | n/a          |                 4 |          32 |               0 |              |             | Memoryn_1_5877_BUFG_inst/O                                      | Memoryn_1_5877_BUFG                                      |
| g5        | src5      | BUFG/O          | None       | BUFGCTRL_X0Y6 | n/a          |                 1 |          22 |               0 |       10.000 | sys_clk_pin | CLK_IBUF_BUFG_inst/O                                            | CLK_IBUF_BUFG                                            |
| g6        | src6      | BUFG/O          | None       | BUFGCTRL_X0Y2 | n/a          |                 0 |          14 |               0 |              |             | OTTER_MCU/Memory/IMCacheFSM/FSM_sequential_PS_reg_1_BUFG_inst/O | OTTER_MCU/Memory/IMCacheFSM/FSM_sequential_PS_reg_1_BUFG |
+-----------+-----------+-----------------+------------+---------------+--------------+-------------------+-------------+-----------------+--------------+-------------+-----------------------------------------------------------------+----------------------------------------------------------+
* Clock Loads column represents cell count of net connects that connect to a clock pin. Internal cell leaf pins are not considered
** Non-Clock Loads column represents cell count of non-clock pin loads


3. Global Clock Source Details
------------------------------

+-----------+-----------+-----------------+------------+--------------+--------------+-------------+-----------------+---------------------+--------------+------------------------------------------------------------+----------------------------------------------------------+
| Source Id | Global Id | Driver Type/Pin | Constraint | Site         | Clock Region | Clock Loads | Non-Clock Loads | Source Clock Period | Source Clock | Driver Pin                                                 | Net                                                      |
+-----------+-----------+-----------------+------------+--------------+--------------+-------------+-----------------+---------------------+--------------+------------------------------------------------------------+----------------------------------------------------------+
| src0      | g0        | FDRE/Q          | None       | SLICE_X37Y46 | X1Y0         |           1 |               5 |                     |              | clk_50_reg/Q                                               | clk_50                                                   |
| src1      | g1        | LUT3/O          | None       | SLICE_X36Y46 | X1Y0         |           1 |               0 |                     |              | OTTER_MCU/Memory/IMCacheFSM/control_flag_i_5/O             | OTTER_MCU/Memory/IMCacheFSM/FSM_sequential_PS_reg_2      |
| src2      | g2        | LUT2/O          | None       | SLICE_X36Y46 | X1Y0         |           1 |               0 |                     |              | OTTER_MCU/Memory/IMCacheFSM/Memoryn_0_5876_BUFG_inst_i_1/O | OTTER_MCU/Memory/IMCacheFSM/Memoryn_0_5876_BUFG_inst_n_0 |
| src3      | g3        | LUT2/O          | None       | SLICE_X36Y46 | X1Y0         |           1 |               0 |                     |              | OTTER_MCU/Memory/IMCacheFSM/n_0_5451_BUFG_inst_i_1/O       | OTTER_MCU/Memory/IMCacheFSM/n_0_5451_BUFG_inst_n_1       |
| src4      | g4        | LUT2/O          | None       | SLICE_X37Y46 | X1Y0         |           1 |               0 |                     |              | OTTER_MCU/Memory/DMCacheFSM/Memoryn_1_5877_BUFG_inst_i_1/O | OTTER_MCU/Memory/DMCacheFSM/Memoryn_1_5877_BUFG_inst_n_1 |
| src5      | g5        | IBUF/O          | IOB_X1Y26  | IOB_X1Y26    | X1Y0         |           1 |               0 |              10.000 | sys_clk_pin  | CLK_IBUF_inst/O                                            | CLK_IBUF                                                 |
| src6      | g6        | LUT3/O          | None       | SLICE_X36Y46 | X1Y0         |           1 |               0 |                     |              | OTTER_MCU/Memory/IMCacheFSM/RAM_reg_r1_0_31_0_5_i_1/O      | OTTER_MCU/Memory/IMCacheFSM/FSM_sequential_PS_reg_1      |
+-----------+-----------+-----------------+------------+--------------+--------------+-------------+-----------------+---------------------+--------------+------------------------------------------------------------+----------------------------------------------------------+
* Clock Loads column represents cell count of net connects that connect to a clock pin. Internal cell leaf pins are not considered
** Non-Clock Loads column represents cell count of non-clock pin loads


4. Local Clock Details
----------------------

+----------+-----------------+------------+------------------+--------------+-------------+-----------------+--------------+-------+----------------------------------+----------------------------+
| Local Id | Driver Type/Pin | Constraint | Site/BEL         | Clock Region | Clock Loads | Non-Clock Loads | Clock Period | Clock | Driver Pin                       | Net                        |
+----------+-----------------+------------+------------------+--------------+-------------+-----------------+--------------+-------+----------------------------------+----------------------------+
| 0        | FDRE/Q          | None       | SLICE_X56Y20/AFF | X1Y0         |          13 |               1 |              |       | SSG_DISP/CathMod/s_clk_500_reg/Q | SSG_DISP/CathMod/s_clk_500 |
+----------+-----------------+------------+------------------+--------------+-------------+-----------------+--------------+-------+----------------------------------+----------------------------+
* Local Clocks in this context represents only clocks driven by non-global buffers
** Clock Loads column represents cell count of net connects that connect to a clock pin. Internal cell leaf pins are not considered
*** Non-Clock Loads column represents cell count of non-clock pin loads


5. Clock Regions: Key Resource Utilization
------------------------------------------

+-------------------+--------------+--------------+--------------+--------------+--------------+--------------+--------------+--------------+--------------+--------------+--------------+--------------+--------------+--------------+--------------+
|                   | Global Clock |     BUFRs    |    BUFMRs    |    BUFIOs    |     MMCM     |      PLL     |      GT      |      PCI     |    ILOGIC    |    OLOGIC    |      FF      |     LUTM     |    RAMB18    |    RAMB36    |    DSP48E2   |
+-------------------+------+-------+------+-------+------+-------+------+-------+------+-------+------+-------+------+-------+------+-------+------+-------+------+-------+------+-------+------+-------+------+-------+------+-------+------+-------+
| Clock Region Name | Used | Avail | Used | Avail | Used | Avail | Used | Avail | Used | Avail | Used | Avail | Used | Avail | Used | Avail | Used | Avail | Used | Avail | Used | Avail | Used | Avail | Used | Avail | Used | Avail | Used | Avail |
+-------------------+------+-------+------+-------+------+-------+------+-------+------+-------+------+-------+------+-------+------+-------+------+-------+------+-------+------+-------+------+-------+------+-------+------+-------+------+-------+
| X0Y0              |    4 |    12 |    0 |     4 |    0 |     2 |    0 |     4 |    0 |     1 |    0 |     1 |    0 |     0 |    0 |     0 |    0 |    50 |    0 |    50 | 1028 |  1200 |  312 |   400 |    0 |    20 |   10 |    10 |    0 |    20 |
| X1Y0              |    6 |    12 |    0 |     4 |    0 |     2 |    0 |     4 |    0 |     1 |    0 |     1 |    0 |     0 |    0 |     0 |    0 |    50 |    0 |    50 | 2821 |  1500 |  857 |   450 |    0 |    40 |   18 |    20 |    0 |    20 |
| X0Y1              |    3 |    12 |    0 |     4 |    0 |     2 |    0 |     4 |    0 |     1 |    0 |     1 |    0 |     0 |    0 |     0 |    0 |    50 |    0 |    50 |  817 |  1200 |  280 |   400 |    0 |    20 |    7 |    10 |    0 |    20 |
| X1Y1              |    3 |    12 |    0 |     4 |    0 |     2 |    0 |     4 |    0 |     1 |    0 |     1 |    0 |     0 |    0 |     0 |    0 |    50 |    0 |    50 | 2018 |  1500 |  698 |   450 |    1 |    40 |    7 |    20 |    0 |    20 |
| X0Y2              |    0 |    12 |    0 |     4 |    0 |     2 |    0 |     4 |    0 |     1 |    0 |     1 |    0 |     0 |    0 |     0 |    0 |    50 |    0 |    50 |    0 |  1800 |    0 |   400 |    0 |    20 |    0 |    10 |    0 |    20 |
| X1Y2              |    0 |    12 |    0 |     0 |    0 |     0 |    0 |     0 |    0 |     0 |    0 |     0 |    0 |     4 |    0 |     1 |    0 |     0 |    0 |     0 |    0 |   950 |    0 |   300 |    0 |    10 |    0 |     5 |    0 |    20 |
+-------------------+------+-------+------+-------+------+-------+------+-------+------+-------+------+-------+------+-------+------+-------+------+-------+------+-------+------+-------+------+-------+------+-------+------+-------+------+-------+
* Global Clock column represents track count; while other columns represents cell counts


6. Clock Regions : Global Clock Summary
---------------------------------------

All Modules
+----+----+----+
|    | X0 | X1 |
+----+----+----+
| Y2 |  0 |  0 |
| Y1 |  0 |  0 |
| Y0 |  0 |  0 |
+----+----+----+


7. Device Cell Placement Summary for Global Clock g0
----------------------------------------------------

+-----------+-----------------+-------------------+-------+-------------+---------------+-------------+----------+----------------+----------+-------------+
| Global Id | Driver Type/Pin | Driver Region (D) | Clock | Period (ns) | Waveform (ns) | Slice Loads | IO Loads | Clocking Loads | GT Loads | Net         |
+-----------+-----------------+-------------------+-------+-------------+---------------+-------------+----------+----------------+----------+-------------+
| g0        | BUFG/O          | n/a               |       |             |               |        6073 |        0 |              0 |        0 | clk_50_BUFG |
+-----------+-----------------+-------------------+-------+-------------+---------------+-------------+----------+----------------+----------+-------------+
* Slice Loads column represents load cell count of all cell types other than IO, GT and clock resources
** IO Loads column represents load cell count of IO types
*** Clocking Loads column represents load cell count that are clock resources (global clock buffer, MMCM, PLL, etc)
**** GT Loads column represents load cell count of GT types


+----+------+-------+-----------------------+
|    | X0   | X1    | HORIZONTAL PROG DELAY |
+----+------+-------+-----------------------+
| Y2 |    0 |     0 |                     - |
| Y1 |  820 |  2016 |                     0 |
| Y0 |  840 |  2397 |                     0 |
+----+------+-------+-----------------------+


8. Device Cell Placement Summary for Global Clock g1
----------------------------------------------------

+-----------+-----------------+-------------------+-------+-------------+---------------+-------------+----------+----------------+----------+--------+
| Global Id | Driver Type/Pin | Driver Region (D) | Clock | Period (ns) | Waveform (ns) | Slice Loads | IO Loads | Clocking Loads | GT Loads | Net    |
+-----------+-----------------+-------------------+-------+-------------+---------------+-------------+----------+----------------+----------+--------+
| g1        | BUFG/O          | n/a               |       |             |               |         526 |        0 |              0 |        0 | CLK_PP |
+-----------+-----------------+-------------------+-------+-------------+---------------+-------------+----------+----------------+----------+--------+
* Slice Loads column represents load cell count of all cell types other than IO, GT and clock resources
** IO Loads column represents load cell count of IO types
*** Clocking Loads column represents load cell count that are clock resources (global clock buffer, MMCM, PLL, etc)
**** GT Loads column represents load cell count of GT types


+----+------+------+-----------------------+
|    | X0   | X1   | HORIZONTAL PROG DELAY |
+----+------+------+-----------------------+
| Y2 |    0 |    0 |                     - |
| Y1 |    0 |    0 |                     - |
| Y0 |  192 |  334 |                     0 |
+----+------+------+-----------------------+


9. Device Cell Placement Summary for Global Clock g2
----------------------------------------------------

+-----------+-----------------+-------------------+-------+-------------+---------------+-------------+----------+----------------+----------+---------------------+
| Global Id | Driver Type/Pin | Driver Region (D) | Clock | Period (ns) | Waveform (ns) | Slice Loads | IO Loads | Clocking Loads | GT Loads | Net                 |
+-----------+-----------------+-------------------+-------+-------------+---------------+-------------+----------+----------------+----------+---------------------+
| g2        | BUFG/O          | n/a               |       |             |               |          64 |        0 |              0 |        0 | Memoryn_0_5876_BUFG |
+-----------+-----------------+-------------------+-------+-------------+---------------+-------------+----------+----------------+----------+---------------------+
* Slice Loads column represents load cell count of all cell types other than IO, GT and clock resources
** IO Loads column represents load cell count of IO types
*** Clocking Loads column represents load cell count that are clock resources (global clock buffer, MMCM, PLL, etc)
**** GT Loads column represents load cell count of GT types


+----+----+-----+-----------------------+
|    | X0 | X1  | HORIZONTAL PROG DELAY |
+----+----+-----+-----------------------+
| Y2 |  0 |   0 |                     - |
| Y1 |  0 |   0 |                     - |
| Y0 |  0 |  64 |                     0 |
+----+----+-----+-----------------------+


10. Device Cell Placement Summary for Global Clock g3
-----------------------------------------------------

+-----------+-----------------+-------------------+-------+-------------+---------------+-------------+----------+----------------+----------+---------------+
| Global Id | Driver Type/Pin | Driver Region (D) | Clock | Period (ns) | Waveform (ns) | Slice Loads | IO Loads | Clocking Loads | GT Loads | Net           |
+-----------+-----------------+-------------------+-------+-------------+---------------+-------------+----------+----------------+----------+---------------+
| g3        | BUFG/O          | n/a               |       |             |               |          45 |        0 |              0 |        0 | n_0_5451_BUFG |
+-----------+-----------------+-------------------+-------+-------------+---------------+-------------+----------+----------------+----------+---------------+
* Slice Loads column represents load cell count of all cell types other than IO, GT and clock resources
** IO Loads column represents load cell count of IO types
*** Clocking Loads column represents load cell count that are clock resources (global clock buffer, MMCM, PLL, etc)
**** GT Loads column represents load cell count of GT types


+----+-----+-----+-----------------------+
|    | X0  | X1  | HORIZONTAL PROG DELAY |
+----+-----+-----+-----------------------+
| Y2 |   0 |   0 |                     - |
| Y1 |   7 |  10 |                     0 |
| Y0 |  10 |  18 |                     0 |
+----+-----+-----+-----------------------+


11. Device Cell Placement Summary for Global Clock g4
-----------------------------------------------------

+-----------+-----------------+-------------------+-------+-------------+---------------+-------------+----------+----------------+----------+---------------------+
| Global Id | Driver Type/Pin | Driver Region (D) | Clock | Period (ns) | Waveform (ns) | Slice Loads | IO Loads | Clocking Loads | GT Loads | Net                 |
+-----------+-----------------+-------------------+-------+-------------+---------------+-------------+----------+----------------+----------+---------------------+
| g4        | BUFG/O          | n/a               |       |             |               |          32 |        0 |              0 |        0 | Memoryn_1_5877_BUFG |
+-----------+-----------------+-------------------+-------+-------------+---------------+-------------+----------+----------------+----------+---------------------+
* Slice Loads column represents load cell count of all cell types other than IO, GT and clock resources
** IO Loads column represents load cell count of IO types
*** Clocking Loads column represents load cell count that are clock resources (global clock buffer, MMCM, PLL, etc)
**** GT Loads column represents load cell count of GT types


+----+----+-----+-----------------------+
|    | X0 | X1  | HORIZONTAL PROG DELAY |
+----+----+-----+-----------------------+
| Y2 |  0 |   0 |                     - |
| Y1 |  4 |  12 |                     0 |
| Y0 |  6 |  10 |                     0 |
+----+----+-----+-----------------------+


12. Device Cell Placement Summary for Global Clock g5
-----------------------------------------------------

+-----------+-----------------+-------------------+-------------+-------------+---------------+-------------+----------+----------------+----------+---------------+
| Global Id | Driver Type/Pin | Driver Region (D) | Clock       | Period (ns) | Waveform (ns) | Slice Loads | IO Loads | Clocking Loads | GT Loads | Net           |
+-----------+-----------------+-------------------+-------------+-------------+---------------+-------------+----------+----------------+----------+---------------+
| g5        | BUFG/O          | n/a               | sys_clk_pin |      10.000 | {0.000 5.000} |          22 |        0 |              0 |        0 | CLK_IBUF_BUFG |
+-----------+-----------------+-------------------+-------------+-------------+---------------+-------------+----------+----------------+----------+---------------+
* Slice Loads column represents load cell count of all cell types other than IO, GT and clock resources
** IO Loads column represents load cell count of IO types
*** Clocking Loads column represents load cell count that are clock resources (global clock buffer, MMCM, PLL, etc)
**** GT Loads column represents load cell count of GT types


+----+----+-----+-----------------------+
|    | X0 | X1  | HORIZONTAL PROG DELAY |
+----+----+-----+-----------------------+
| Y2 |  0 |   0 |                     - |
| Y1 |  0 |   0 |                     - |
| Y0 |  0 |  22 |                     0 |
+----+----+-----+-----------------------+


13. Device Cell Placement Summary for Global Clock g6
-----------------------------------------------------

+-----------+-----------------+-------------------+-------+-------------+---------------+-------------+----------+----------------+----------+----------------------------------------------------------+
| Global Id | Driver Type/Pin | Driver Region (D) | Clock | Period (ns) | Waveform (ns) | Slice Loads | IO Loads | Clocking Loads | GT Loads | Net                                                      |
+-----------+-----------------+-------------------+-------+-------------+---------------+-------------+----------+----------------+----------+----------------------------------------------------------+
| g6        | BUFG/O          | n/a               |       |             |               |           0 |        0 |              0 |        0 | OTTER_MCU/Memory/IMCacheFSM/FSM_sequential_PS_reg_1_BUFG |
+-----------+-----------------+-------------------+-------+-------------+---------------+-------------+----------+----------------+----------+----------------------------------------------------------+
* Slice Loads column represents load cell count of all cell types other than IO, GT and clock resources
** IO Loads column represents load cell count of IO types
*** Clocking Loads column represents load cell count that are clock resources (global clock buffer, MMCM, PLL, etc)
**** GT Loads column represents load cell count of GT types


+----+----+----+-----------------------+
|    | X0 | X1 | HORIZONTAL PROG DELAY |
+----+----+----+-----------------------+
| Y2 |  0 |  0 |                     - |
| Y1 |  0 |  0 |                     - |
| Y0 |  0 |  0 |                     - |
+----+----+----+-----------------------+


14. Clock Region Cell Placement per Global Clock: Region X0Y0
-------------------------------------------------------------

+-----------+-------+-----------------+------------+-------------+-----------------+-----+-------------+------+-----+----+------+-----+---------+---------------------+
| Global Id | Track | Driver Type/Pin | Constraint | Clock Loads | Non-Clock Loads | FF  | Memory LUTs | RAMB | DSP | GT | MMCM | PLL | Hard IP | Net                 |
+-----------+-------+-----------------+------------+-------------+-----------------+-----+-------------+------+-----+----+------+-----+---------+---------------------+
| g0        | n/a   | BUFG/O          | None       |         840 |               0 | 830 |           0 |   10 |   0 |  0 |    0 |   0 |       0 | clk_50_BUFG         |
| g1        | n/a   | BUFG/O          | None       |         192 |               0 | 192 |           0 |    0 |   0 |  0 |    0 |   0 |       0 | CLK_PP              |
| g3        | n/a   | BUFG/O          | None       |          10 |               0 |   0 |           0 |   10 |   0 |  0 |    0 |   0 |       0 | n_0_5451_BUFG       |
| g4        | n/a   | BUFG/O          | None       |           6 |               0 |   6 |           0 |    0 |   0 |  0 |    0 |   0 |       0 | Memoryn_1_5877_BUFG |
+-----------+-------+-----------------+------------+-------------+-----------------+-----+-------------+------+-----+----+------+-----+---------+---------------------+
* Clock Loads column represents cell count of net connects that connect to a clock pin. Internal cell leaf pins are not considered
** Non-Clock Loads column represents cell count of non-clock pin loads
*** Columns FF, LUTRAM, RAMB through 'Hard IP' represents load cell counts


15. Clock Region Cell Placement per Global Clock: Region X1Y0
-------------------------------------------------------------

+-----------+-------+-----------------+------------+-------------+-----------------+------+-------------+------+-----+----+------+-----+---------+---------------------+
| Global Id | Track | Driver Type/Pin | Constraint | Clock Loads | Non-Clock Loads | FF   | Memory LUTs | RAMB | DSP | GT | MMCM | PLL | Hard IP | Net                 |
+-----------+-------+-----------------+------------+-------------+-----------------+------+-------------+------+-----+----+------+-----+---------+---------------------+
| g0        | n/a   | BUFG/O          | None       |        2396 |               1 | 2378 |           0 |   18 |   0 |  0 |    0 |   0 |       0 | clk_50_BUFG         |
| g1        | n/a   | BUFG/O          | None       |         334 |               0 |  334 |           0 |    0 |   0 |  0 |    0 |   0 |       0 | CLK_PP              |
| g2        | n/a   | BUFG/O          | None       |          64 |               0 |   64 |           0 |    0 |   0 |  0 |    0 |   0 |       0 | Memoryn_0_5876_BUFG |
| g3        | n/a   | BUFG/O          | None       |          18 |               0 |    0 |           0 |   18 |   0 |  0 |    0 |   0 |       0 | n_0_5451_BUFG       |
| g4        | n/a   | BUFG/O          | None       |          10 |               0 |   10 |           0 |    0 |   0 |  0 |    0 |   0 |       0 | Memoryn_1_5877_BUFG |
| g5        | n/a   | BUFG/O          | None       |          22 |               0 |   22 |           0 |    0 |   0 |  0 |    0 |   0 |       0 | CLK_IBUF_BUFG       |
+-----------+-------+-----------------+------------+-------------+-----------------+------+-------------+------+-----+----+------+-----+---------+---------------------+
* Clock Loads column represents cell count of net connects that connect to a clock pin. Internal cell leaf pins are not considered
** Non-Clock Loads column represents cell count of non-clock pin loads
*** Columns FF, LUTRAM, RAMB through 'Hard IP' represents load cell counts


16. Clock Region Cell Placement per Global Clock: Region X0Y1
-------------------------------------------------------------

+-----------+-------+-----------------+------------+-------------+-----------------+-----+-------------+------+-----+----+------+-----+---------+---------------------+
| Global Id | Track | Driver Type/Pin | Constraint | Clock Loads | Non-Clock Loads | FF  | Memory LUTs | RAMB | DSP | GT | MMCM | PLL | Hard IP | Net                 |
+-----------+-------+-----------------+------------+-------------+-----------------+-----+-------------+------+-----+----+------+-----+---------+---------------------+
| g0        | n/a   | BUFG/O          | None       |         820 |               0 | 813 |           0 |    7 |   0 |  0 |    0 |   0 |       0 | clk_50_BUFG         |
| g3        | n/a   | BUFG/O          | None       |           7 |               0 |   0 |           0 |    7 |   0 |  0 |    0 |   0 |       0 | n_0_5451_BUFG       |
| g4        | n/a   | BUFG/O          | None       |           4 |               0 |   4 |           0 |    0 |   0 |  0 |    0 |   0 |       0 | Memoryn_1_5877_BUFG |
+-----------+-------+-----------------+------------+-------------+-----------------+-----+-------------+------+-----+----+------+-----+---------+---------------------+
* Clock Loads column represents cell count of net connects that connect to a clock pin. Internal cell leaf pins are not considered
** Non-Clock Loads column represents cell count of non-clock pin loads
*** Columns FF, LUTRAM, RAMB through 'Hard IP' represents load cell counts


17. Clock Region Cell Placement per Global Clock: Region X1Y1
-------------------------------------------------------------

+-----------+-------+-----------------+------------+-------------+-----------------+------+-------------+------+-----+----+------+-----+---------+---------------------+
| Global Id | Track | Driver Type/Pin | Constraint | Clock Loads | Non-Clock Loads | FF   | Memory LUTs | RAMB | DSP | GT | MMCM | PLL | Hard IP | Net                 |
+-----------+-------+-----------------+------------+-------------+-----------------+------+-------------+------+-----+----+------+-----+---------+---------------------+
| g0        | n/a   | BUFG/O          | None       |        2016 |               0 | 2006 |           0 |    8 |   0 |  0 |    0 |   0 |       0 | clk_50_BUFG         |
| g3        | n/a   | BUFG/O          | None       |          10 |               0 |    0 |           0 |    8 |   0 |  0 |    0 |   0 |       0 | n_0_5451_BUFG       |
| g4        | n/a   | BUFG/O          | None       |          12 |               0 |   12 |           0 |    0 |   0 |  0 |    0 |   0 |       0 | Memoryn_1_5877_BUFG |
+-----------+-------+-----------------+------------+-------------+-----------------+------+-------------+------+-----+----+------+-----+---------+---------------------+
* Clock Loads column represents cell count of net connects that connect to a clock pin. Internal cell leaf pins are not considered
** Non-Clock Loads column represents cell count of non-clock pin loads
*** Columns FF, LUTRAM, RAMB through 'Hard IP' represents load cell counts



# Location of BUFG Primitives 
set_property LOC BUFGCTRL_X0Y4 [get_cells n_0_5451_BUFG_inst]
set_property LOC BUFGCTRL_X0Y0 [get_cells clk_50_BUFG_inst]
set_property LOC BUFGCTRL_X0Y2 [get_cells OTTER_MCU/Memory/IMCacheFSM/FSM_sequential_PS_reg_1_BUFG_inst]
set_property LOC BUFGCTRL_X0Y5 [get_cells Memoryn_1_5877_BUFG_inst]
set_property LOC BUFGCTRL_X0Y3 [get_cells Memoryn_0_5876_BUFG_inst]
set_property LOC BUFGCTRL_X0Y1 [get_cells control_flag_reg_i_2]
set_property LOC BUFGCTRL_X0Y6 [get_cells CLK_IBUF_BUFG_inst]

# Location of IO Primitives which is load of clock spine

# Location of clock ports
set_property LOC IOB_X1Y26 [get_ports CLK]

# Clock net "n_0_5451_BUFG" driven by instance "n_0_5451_BUFG_inst" located at site "BUFGCTRL_X0Y4"
#startgroup
create_pblock {CLKAG_n_0_5451_BUFG}
add_cells_to_pblock [get_pblocks  {CLKAG_n_0_5451_BUFG}] [get_cells -filter { PRIMITIVE_GROUP != I/O && IS_PRIMITIVE==1 && PRIMITIVE_LEVEL !=INTERNAL } -of_object [get_pins -filter {DIRECTION==IN} -of_objects [get_nets -hierarchical -filter {PARENT=="n_0_5451_BUFG"}]]]
resize_pblock [get_pblocks {CLKAG_n_0_5451_BUFG}] -add {CLOCKREGION_X0Y0:CLOCKREGION_X0Y0 CLOCKREGION_X0Y1:CLOCKREGION_X0Y1 CLOCKREGION_X1Y0:CLOCKREGION_X1Y0 CLOCKREGION_X1Y1:CLOCKREGION_X1Y1}
#endgroup

# Clock net "clk_50_BUFG" driven by instance "clk_50_BUFG_inst" located at site "BUFGCTRL_X0Y0"
#startgroup
create_pblock {CLKAG_clk_50_BUFG}
add_cells_to_pblock [get_pblocks  {CLKAG_clk_50_BUFG}] [get_cells -filter { PRIMITIVE_GROUP != I/O && IS_PRIMITIVE==1 && PRIMITIVE_LEVEL !=INTERNAL } -of_object [get_pins -filter {DIRECTION==IN} -of_objects [get_nets -hierarchical -filter {PARENT=="clk_50_BUFG"}]]]
resize_pblock [get_pblocks {CLKAG_clk_50_BUFG}] -add {CLOCKREGION_X0Y0:CLOCKREGION_X0Y0 CLOCKREGION_X0Y1:CLOCKREGION_X0Y1 CLOCKREGION_X1Y0:CLOCKREGION_X1Y0 CLOCKREGION_X1Y1:CLOCKREGION_X1Y1}
#endgroup

# Clock net "Memoryn_1_5877_BUFG" driven by instance "Memoryn_1_5877_BUFG_inst" located at site "BUFGCTRL_X0Y5"
#startgroup
create_pblock {CLKAG_Memoryn_1_5877_BUFG}
add_cells_to_pblock [get_pblocks  {CLKAG_Memoryn_1_5877_BUFG}] [get_cells -filter { PRIMITIVE_GROUP != I/O && IS_PRIMITIVE==1 && PRIMITIVE_LEVEL !=INTERNAL } -of_object [get_pins -filter {DIRECTION==IN} -of_objects [get_nets -hierarchical -filter {PARENT=="Memoryn_1_5877_BUFG"}]]]
resize_pblock [get_pblocks {CLKAG_Memoryn_1_5877_BUFG}] -add {CLOCKREGION_X0Y0:CLOCKREGION_X0Y0 CLOCKREGION_X0Y1:CLOCKREGION_X0Y1 CLOCKREGION_X1Y0:CLOCKREGION_X1Y0 CLOCKREGION_X1Y1:CLOCKREGION_X1Y1}
#endgroup

# Clock net "Memoryn_0_5876_BUFG" driven by instance "Memoryn_0_5876_BUFG_inst" located at site "BUFGCTRL_X0Y3"
#startgroup
create_pblock {CLKAG_Memoryn_0_5876_BUFG}
add_cells_to_pblock [get_pblocks  {CLKAG_Memoryn_0_5876_BUFG}] [get_cells -filter { PRIMITIVE_GROUP != I/O && IS_PRIMITIVE==1 && PRIMITIVE_LEVEL !=INTERNAL } -of_object [get_pins -filter {DIRECTION==IN} -of_objects [get_nets -hierarchical -filter {PARENT=="Memoryn_0_5876_BUFG"}]]]
resize_pblock [get_pblocks {CLKAG_Memoryn_0_5876_BUFG}] -add {CLOCKREGION_X1Y0:CLOCKREGION_X1Y0}
#endgroup

# Clock net "CLK_PP" driven by instance "control_flag_reg_i_2" located at site "BUFGCTRL_X0Y1"
#startgroup
create_pblock {CLKAG_CLK_PP}
add_cells_to_pblock [get_pblocks  {CLKAG_CLK_PP}] [get_cells -filter { PRIMITIVE_GROUP != I/O && IS_PRIMITIVE==1 && PRIMITIVE_LEVEL !=INTERNAL } -of_object [get_pins -filter {DIRECTION==IN} -of_objects [get_nets -hierarchical -filter {PARENT=="CLK_PP"}]]]
resize_pblock [get_pblocks {CLKAG_CLK_PP}] -add {CLOCKREGION_X0Y0:CLOCKREGION_X0Y0 CLOCKREGION_X1Y0:CLOCKREGION_X1Y0}
#endgroup

# Clock net "CLK_IBUF_BUFG" driven by instance "CLK_IBUF_BUFG_inst" located at site "BUFGCTRL_X0Y6"
#startgroup
create_pblock {CLKAG_CLK_IBUF_BUFG}
add_cells_to_pblock [get_pblocks  {CLKAG_CLK_IBUF_BUFG}] [get_cells -filter { PRIMITIVE_GROUP != I/O && IS_PRIMITIVE==1 && PRIMITIVE_LEVEL !=INTERNAL } -of_object [get_pins -filter {DIRECTION==IN} -of_objects [get_nets -hierarchical -filter {PARENT=="CLK_IBUF_BUFG"}]]]
resize_pblock [get_pblocks {CLKAG_CLK_IBUF_BUFG}] -add {CLOCKREGION_X1Y0:CLOCKREGION_X1Y0}
#endgroup
